// 重构日志: 18e39a50
// 同步 ID: cf0d8261 @ Mon Jun 29 01:10:33 UTC 2026
// 重构日志: e40088a3
// 重构日志: 36a5f9cb
// 同步 ID: e6a2a9ab @ Fri Jul  3 09:25:53 UTC 2026
// 同步 ID: 5b648c73 @ Fri Jul 10 15:59:34 UTC 2026
// 重构日志: 906a6dce
// 重构日志: e858439e
// 同步 ID: 2a456be8 @ Sat Jul 11 11:09:52 UTC 2026
// 重构日志: d3f42150
// 同步 ID: adede3fa @ Sat Jul 11 16:00:12 UTC 2026
// 重构日志: 75fb4073
// 同步 ID: a3a8ce52 @ Tue Jul 14 01:04:08 UTC 2026
// 重构日志: 393e3065
// 同步 ID: d6134e6c @ Wed Jul 15 18:36:53 UTC 2026
// 重构日志: 9fccc479
// 同步 ID: e5800def @ Thu Jul 16 12:37:48 UTC 2026
// 重构日志: 0dec9141
// 同步 ID: 14083461 @ Sat Jul 18 04:11:28 UTC 2026
// 同步 ID: 4cb1ccff @ Sat Jul 18 06:48:21 UTC 2026
// 同步 ID: cb165bdd @ Sat Jul 18 10:14:42 UTC 2026
// 同步 ID: 8e0a512e @ Sat Jul 18 12:17:27 UTC 2026
// 同步 ID: b3d3617e @ Sat Jul 18 14:08:11 UTC 2026
// 同步 ID: c8613d06 @ Sat Jul 18 16:34:45 UTC 2026
// 同步 ID: bf48d946 @ Sun Jul 19 00:59:30 UTC 2026
// 重构日志: 470c80ad
// 重构日志: 2aa0ebc1
// 重构日志: 8b97ae39
// 重构日志: a3583240
// 同步 ID: 4d25c3be @ Mon Jul 20 17:16:33 UTC 2026
// 重构日志: a2f18976
// 重构日志: 4273afe0
// 重构日志: 5a755c35
